This is pdfTeX, Version 3.14159265-2.6-1.40.16 (TeX Live 2015) (preloaded format=pdflatex 2015.5.24)  29 JUN 2017 22:46
entering extended mode
 restricted \write18 enabled.
 file:line:error style messages enabled.
 %&-line parsing enabled.
**main.tex
(./main.tex
LaTeX2e <2015/01/01>
Babel <3.9l> and hyphenation patterns for 79 languages loaded.
(/usr/local/texlive/2015/texmf-dist/tex/latex/elsarticle/elsarticle.cls
Document Class: elsarticle 2009/09/17, 1.2.0: Elsevier Ltd
\@bls=\dimen102
(/usr/local/texlive/2015/texmf-dist/tex/latex/base/article.cls
Document Class: article 2014/09/29 v1.4h Standard LaTeX document class
(/usr/local/texlive/2015/texmf-dist/tex/latex/base/size10.clo
File: size10.clo 2014/09/29 v1.4h Standard LaTeX file (size option)
)
\c@part=\count79
\c@section=\count80
\c@subsection=\count81
\c@subsubsection=\count82
\c@paragraph=\count83
\c@subparagraph=\count84
\c@figure=\count85
\c@table=\count86
\abovecaptionskip=\skip41
\belowcaptionskip=\skip42
\bibindent=\dimen103
)
(/usr/local/texlive/2015/texmf-dist/tex/latex/graphics/graphicx.sty
Package: graphicx 2014/10/28 v1.0g Enhanced LaTeX Graphics (DPC,SPQR)

(/usr/local/texlive/2015/texmf-dist/tex/latex/graphics/keyval.sty
Package: keyval 2014/10/28 v1.15 key=value parser (DPC)
\KV@toks@=\toks14
)
(/usr/local/texlive/2015/texmf-dist/tex/latex/graphics/graphics.sty
Package: graphics 2014/10/28 v1.0p Standard LaTeX Graphics (DPC,SPQR)

(/usr/local/texlive/2015/texmf-dist/tex/latex/graphics/trig.sty
Package: trig 1999/03/16 v1.09 sin cos tan (DPC)
)
(/usr/local/texlive/2015/texmf-dist/tex/latex/latexconfig/graphics.cfg
File: graphics.cfg 2010/04/23 v1.9 graphics configuration of TeX Live
)
Package graphics Info: Driver file: pdftex.def on input line 94.

(/usr/local/texlive/2015/texmf-dist/tex/latex/pdftex-def/pdftex.def
File: pdftex.def 2011/05/27 v0.06d Graphics/color for pdfTeX

(/usr/local/texlive/2015/texmf-dist/tex/generic/oberdiek/infwarerr.sty
Package: infwarerr 2010/04/08 v1.3 Providing info/warning/error messages (HO)
)
(/usr/local/texlive/2015/texmf-dist/tex/generic/oberdiek/ltxcmds.sty
Package: ltxcmds 2011/11/09 v1.22 LaTeX kernel commands for general use (HO)
)
\Gread@gobject=\count87
))
\Gin@req@height=\dimen104
\Gin@req@width=\dimen105
)
(/usr/local/texlive/2015/texmf-dist/tex/latex/psnfss/pifont.sty
Package: pifont 2005/04/12 PSNFSS-v9.2a Pi font support (SPQR) 
LaTeX Font Info:    Try loading font information for U+pzd on input line 63.

(/usr/local/texlive/2015/texmf-dist/tex/latex/psnfss/upzd.fd
File: upzd.fd 2001/06/04 font definitions for U/pzd.
)
LaTeX Font Info:    Try loading font information for U+psy on input line 64.

(/usr/local/texlive/2015/texmf-dist/tex/latex/psnfss/upsy.fd
File: upsy.fd 2001/06/04 font definitions for U/psy.
))
\c@tnote=\count88
\c@fnote=\count89
\c@cnote=\count90
\c@ead=\count91
\c@author=\count92
\@eadauthor=\toks15
\c@affn=\count93
\absbox=\box26
\keybox=\box27
\Columnwidth=\dimen106
\space@left=\dimen107
\els@boxa=\box28
\els@boxb=\box29
\leftMargin=\dimen108
\@enLab=\toks16
\@sep=\skip43
\@@sep=\skip44
 (./main.spl)
(/usr/local/texlive/2015/texmf-dist/tex/latex/natbib/natbib.sty
Package: natbib 2010/09/13 8.31b (PWD, AO)
\bibhang=\skip45
\bibsep=\skip46
LaTeX Info: Redefining \cite on input line 694.
\c@NAT@ctr=\count94
)
\splwrite=\write3
\openout3 = `main.spl'.


(/usr/local/texlive/2015/texmf-dist/tex/latex/geometry/geometry.sty
Package: geometry 2010/09/12 v5.6 Page Geometry

(/usr/local/texlive/2015/texmf-dist/tex/generic/oberdiek/ifpdf.sty
Package: ifpdf 2011/01/30 v2.3 Provides the ifpdf switch (HO)
Package ifpdf Info: pdfTeX in PDF mode is detected.
)
(/usr/local/texlive/2015/texmf-dist/tex/generic/oberdiek/ifvtex.sty
Package: ifvtex 2010/03/01 v1.5 Detect VTeX and its facilities (HO)
Package ifvtex Info: VTeX not detected.
)
(/usr/local/texlive/2015/texmf-dist/tex/generic/ifxetex/ifxetex.sty
Package: ifxetex 2010/09/12 v0.6 Provides ifxetex conditional
)
\Gm@cnth=\count95
\Gm@cntv=\count96
\c@Gm@tempcnt=\count97
\Gm@bindingoffset=\dimen109
\Gm@wd@mp=\dimen110
\Gm@odd@mp=\dimen111
\Gm@even@mp=\dimen112
\Gm@layoutwidth=\dimen113
\Gm@layoutheight=\dimen114
\Gm@layouthoffset=\dimen115
\Gm@layoutvoffset=\dimen116
\Gm@dimlist=\toks17
))
(/usr/local/texlive/2015/texmf-dist/tex/generic/babel/babel.sty
Package: babel 2014/09/25 3.9l The Babel package

(/usr/local/texlive/2015/texmf-dist/tex/generic/babel-english/english.ldf
Language: english 2012/08/20 v3.3p English support from the babel system

(/usr/local/texlive/2015/texmf-dist/tex/generic/babel/babel.def
File: babel.def 2014/09/25 3.9l Babel common definitions
\babel@savecnt=\count98
\U@D=\dimen117
)
\l@canadian = a dialect from \language\l@american 
\l@australian = a dialect from \language\l@british 
\l@newzealand = a dialect from \language\l@british 
))
(/usr/local/texlive/2015/texmf-dist/tex/latex/amsmath/amsmath.sty
Package: amsmath 2013/01/14 v2.14 AMS math features
\@mathmargin=\skip47

For additional information on amsmath, use the `?' option.
(/usr/local/texlive/2015/texmf-dist/tex/latex/amsmath/amstext.sty
Package: amstext 2000/06/29 v2.01

(/usr/local/texlive/2015/texmf-dist/tex/latex/amsmath/amsgen.sty
File: amsgen.sty 1999/11/30 v2.0
\@emptytoks=\toks18
\ex@=\dimen118
))
(/usr/local/texlive/2015/texmf-dist/tex/latex/amsmath/amsbsy.sty
Package: amsbsy 1999/11/29 v1.2d
\pmbraise@=\dimen119
)
(/usr/local/texlive/2015/texmf-dist/tex/latex/amsmath/amsopn.sty
Package: amsopn 1999/12/14 v2.01 operator names
)
\inf@bad=\count99
LaTeX Info: Redefining \frac on input line 210.
\uproot@=\count100
\leftroot@=\count101
LaTeX Info: Redefining \overline on input line 306.
\classnum@=\count102
\DOTSCASE@=\count103
LaTeX Info: Redefining \ldots on input line 378.
LaTeX Info: Redefining \dots on input line 381.
LaTeX Info: Redefining \cdots on input line 466.
\Mathstrutbox@=\box30
\strutbox@=\box31
\big@size=\dimen120
LaTeX Font Info:    Redeclaring font encoding OML on input line 566.
LaTeX Font Info:    Redeclaring font encoding OMS on input line 567.
\macc@depth=\count104
\c@MaxMatrixCols=\count105
\dotsspace@=\muskip10
\c@parentequation=\count106
\dspbrk@lvl=\count107
\tag@help=\toks19
\row@=\count108
\column@=\count109
\maxfields@=\count110
\andhelp@=\toks20
\eqnshift@=\dimen121
\alignsep@=\dimen122
\tagshift@=\dimen123
\tagwidth@=\dimen124
\totwidth@=\dimen125
\lineht@=\dimen126
\@envbody=\toks21
\multlinegap=\skip48
\multlinetaggap=\skip49
\mathdisplay@stack=\toks22
LaTeX Info: Redefining \[ on input line 2665.
LaTeX Info: Redefining \] on input line 2666.
)
(/usr/local/texlive/2015/texmf-dist/tex/latex/amsfonts/amssymb.sty
Package: amssymb 2013/01/14 v3.01 AMS font symbols

(/usr/local/texlive/2015/texmf-dist/tex/latex/amsfonts/amsfonts.sty
Package: amsfonts 2013/01/14 v3.01 Basic AMSFonts support
\symAMSa=\mathgroup4
\symAMSb=\mathgroup5
LaTeX Font Info:    Overwriting math alphabet `\mathfrak' in version `bold'
(Font)                  U/euf/m/n --> U/euf/b/n on input line 106.
))
(/usr/local/texlive/2015/texmf-dist/tex/latex/rotating/rotating.sty
Package: rotating 2009/03/28 v2.16a rotated objects in LaTeX

(/usr/local/texlive/2015/texmf-dist/tex/latex/base/ifthen.sty
Package: ifthen 2014/09/29 v1.1c Standard LaTeX ifthen package (DPC)
)
\c@r@tfl@t=\count111
\rotFPtop=\skip50
\rotFPbot=\skip51
\rot@float@box=\box32
\rot@mess@toks=\toks23
)
(/usr/local/texlive/2015/texmf-dist/tex/latex/multirow/multirow.sty
\bigstrutjot=\dimen127
)
(/usr/local/texlive/2015/texmf-dist/tex/latex/hyperref/hyperref.sty
Package: hyperref 2012/11/06 v6.83m Hypertext links for LaTeX

(/usr/local/texlive/2015/texmf-dist/tex/generic/oberdiek/hobsub-hyperref.sty
Package: hobsub-hyperref 2012/05/28 v1.13 Bundle oberdiek, subset hyperref (HO)


(/usr/local/texlive/2015/texmf-dist/tex/generic/oberdiek/hobsub-generic.sty
Package: hobsub-generic 2012/05/28 v1.13 Bundle oberdiek, subset generic (HO)
Package: hobsub 2012/05/28 v1.13 Construct package bundles (HO)
Package hobsub Info: Skipping package `infwarerr' (already loaded).
Package hobsub Info: Skipping package `ltxcmds' (already loaded).
Package: ifluatex 2010/03/01 v1.3 Provides the ifluatex switch (HO)
Package ifluatex Info: LuaTeX not detected.
Package hobsub Info: Skipping package `ifvtex' (already loaded).
Package: intcalc 2007/09/27 v1.1 Expandable calculations with integers (HO)
Package hobsub Info: Skipping package `ifpdf' (already loaded).
Package: etexcmds 2011/02/16 v1.5 Avoid name clashes with e-TeX commands (HO)
Package etexcmds Info: Could not find \expanded.
(etexcmds)             That can mean that you are not using pdfTeX 1.50 or
(etexcmds)             that some package has redefined \expanded.
(etexcmds)             In the latter case, load this package earlier.
Package: kvsetkeys 2012/04/25 v1.16 Key value parser (HO)
Package: kvdefinekeys 2011/04/07 v1.3 Define keys (HO)
Package: pdftexcmds 2011/11/29 v0.20 Utility functions of pdfTeX for LuaTeX (HO
)
Package pdftexcmds Info: LuaTeX not detected.
Package pdftexcmds Info: \pdf@primitive is available.
Package pdftexcmds Info: \pdf@ifprimitive is available.
Package pdftexcmds Info: \pdfdraftmode found.
Package: pdfescape 2011/11/25 v1.13 Implements pdfTeX's escape features (HO)
Package: bigintcalc 2012/04/08 v1.3 Expandable calculations on big integers (HO
)
Package: bitset 2011/01/30 v1.1 Handle bit-vector datatype (HO)
Package: uniquecounter 2011/01/30 v1.2 Provide unlimited unique counter (HO)
)
Package hobsub Info: Skipping package `hobsub' (already loaded).
Package: letltxmacro 2010/09/02 v1.4 Let assignment for LaTeX macros (HO)
Package: hopatch 2012/05/28 v1.2 Wrapper for package hooks (HO)
Package: xcolor-patch 2011/01/30 xcolor patch
Package: atveryend 2011/06/30 v1.8 Hooks at the very end of document (HO)
Package atveryend Info: \enddocument detected (standard20110627).
Package: atbegshi 2011/10/05 v1.16 At begin shipout hook (HO)
Package: refcount 2011/10/16 v3.4 Data extraction from label references (HO)
Package: hycolor 2011/01/30 v1.7 Color options for hyperref/bookmark (HO)
)
(/usr/local/texlive/2015/texmf-dist/tex/latex/oberdiek/auxhook.sty
Package: auxhook 2011/03/04 v1.3 Hooks for auxiliary files (HO)
)
(/usr/local/texlive/2015/texmf-dist/tex/latex/oberdiek/kvoptions.sty
Package: kvoptions 2011/06/30 v3.11 Key value format for package options (HO)
)
\@linkdim=\dimen128
\Hy@linkcounter=\count112
\Hy@pagecounter=\count113

(/usr/local/texlive/2015/texmf-dist/tex/latex/hyperref/pd1enc.def
File: pd1enc.def 2012/11/06 v6.83m Hyperref: PDFDocEncoding definition (HO)
)
\Hy@SavedSpaceFactor=\count114

(/usr/local/texlive/2015/texmf-dist/tex/latex/latexconfig/hyperref.cfg
File: hyperref.cfg 2002/06/06 v1.2 hyperref configuration of TeXLive
)
Package hyperref Info: Option `colorlinks' set `true' on input line 4319.
Package hyperref Info: Hyper figures OFF on input line 4443.
Package hyperref Info: Link nesting OFF on input line 4448.
Package hyperref Info: Hyper index ON on input line 4451.
Package hyperref Info: Plain pages OFF on input line 4458.
Package hyperref Info: Backreferencing OFF on input line 4463.
Package hyperref Info: Implicit mode ON; LaTeX internals redefined.
Package hyperref Info: Bookmarks ON on input line 4688.
\c@Hy@tempcnt=\count115

(/usr/local/texlive/2015/texmf-dist/tex/latex/url/url.sty
\Urlmuskip=\muskip11
Package: url 2013/09/16  ver 3.4  Verb mode for urls, etc.
)
LaTeX Info: Redefining \url on input line 5041.
\XeTeXLinkMargin=\dimen129
\Fld@menulength=\count116
\Field@Width=\dimen130
\Fld@charsize=\dimen131
Package hyperref Info: Hyper figures OFF on input line 6295.
Package hyperref Info: Link nesting OFF on input line 6300.
Package hyperref Info: Hyper index ON on input line 6303.
Package hyperref Info: backreferencing OFF on input line 6310.
Package hyperref Info: Link coloring ON on input line 6313.
Package hyperref Info: Link coloring with OCG OFF on input line 6320.
Package hyperref Info: PDF/A mode OFF on input line 6325.
LaTeX Info: Redefining \ref on input line 6365.
LaTeX Info: Redefining \pageref on input line 6369.
\Hy@abspage=\count117
\c@Item=\count118
\c@Hfootnote=\count119
)

Package hyperref Message: Driver (autodetected): hpdftex.

(/usr/local/texlive/2015/texmf-dist/tex/latex/hyperref/hpdftex.def
File: hpdftex.def 2012/11/06 v6.83m Hyperref driver for pdfTeX
\Fld@listcount=\count120
\c@bookmark@seq@number=\count121

(/usr/local/texlive/2015/texmf-dist/tex/latex/oberdiek/rerunfilecheck.sty
Package: rerunfilecheck 2011/04/15 v1.7 Rerun checks for auxiliary files (HO)
Package uniquecounter Info: New unique counter `rerunfilecheck' on input line 2
82.
)
\Hy@SectionHShift=\skip52
)
(/usr/local/texlive/2015/texmf-dist/tex/latex/appendix/appendix.sty
Package: appendix 2009/09/02 v1.2b extra appendix facilities
\c@@pps=\count122
\c@@ppsavesec=\count123
\c@@ppsaveapp=\count124
)
(/usr/local/texlive/2015/texmf-dist/tex/latex/setspace/setspace.sty
Package: setspace 2011/12/19 v6.7a set line spacing
)
(/usr/local/texlive/2015/texmf-dist/tex/latex/lineno/lineno.sty
Package: lineno 2005/11/02 line numbers on paragraphs v4.41
\linenopenalty=\count125
\output=\toks24
\linenoprevgraf=\count126
\linenumbersep=\dimen132
\linenumberwidth=\dimen133
\c@linenumber=\count127
\c@pagewiselinenumber=\count128
\c@LN@truepage=\count129
\c@internallinenumber=\count130
\c@internallinenumbers=\count131
\quotelinenumbersep=\dimen134
\bframerule=\dimen135
\bframesep=\dimen136
\bframebox=\box33
LaTeX Info: Redefining \\ on input line 3056.
) (./main.aux)
\openout1 = `main.aux'.

LaTeX Font Info:    Checking defaults for OML/cmm/m/it on input line 20.
LaTeX Font Info:    ... okay on input line 20.
LaTeX Font Info:    Checking defaults for T1/cmr/m/n on input line 20.
LaTeX Font Info:    ... okay on input line 20.
LaTeX Font Info:    Checking defaults for OT1/cmr/m/n on input line 20.
LaTeX Font Info:    ... okay on input line 20.
LaTeX Font Info:    Checking defaults for OMS/cmsy/m/n on input line 20.
LaTeX Font Info:    ... okay on input line 20.
LaTeX Font Info:    Checking defaults for OMX/cmex/m/n on input line 20.
LaTeX Font Info:    ... okay on input line 20.
LaTeX Font Info:    Checking defaults for U/cmr/m/n on input line 20.
LaTeX Font Info:    ... okay on input line 20.
LaTeX Font Info:    Checking defaults for PD1/pdf/m/n on input line 20.
LaTeX Font Info:    ... okay on input line 20.

(/usr/local/texlive/2015/texmf-dist/tex/context/base/supp-pdf.mkii
[Loading MPS to PDF converter (version 2006.09.02).]
\scratchcounter=\count132
\scratchdimen=\dimen137
\scratchbox=\box34
\nofMPsegments=\count133
\nofMParguments=\count134
\everyMPshowfont=\toks25
\MPscratchCnt=\count135
\MPscratchDim=\dimen138
\MPnumerator=\count136
\makeMPintoPDFobject=\count137
\everyMPtoPDFconversion=\toks26
) (/usr/local/texlive/2015/texmf-dist/tex/latex/oberdiek/epstopdf-base.sty
Package: epstopdf-base 2010/02/09 v2.5 Base part for package epstopdf

(/usr/local/texlive/2015/texmf-dist/tex/latex/oberdiek/grfext.sty
Package: grfext 2010/08/19 v1.1 Manage graphics extensions (HO)
)
Package grfext Info: Graphics extension search list:
(grfext)             [.png,.pdf,.jpg,.mps,.jpeg,.jbig2,.jb2,.PNG,.PDF,.JPG,.JPE
G,.JBIG2,.JB2,.eps]
(grfext)             \AppendGraphicsExtensions on input line 452.

(/usr/local/texlive/2015/texmf-dist/tex/latex/latexconfig/epstopdf-sys.cfg
File: epstopdf-sys.cfg 2010/07/13 v1.3 Configuration of (r)epstopdf for TeX Liv
e
))
*geometry* driver: auto-detecting
*geometry* detected driver: pdftex
*geometry* verbose mode - [ preamble ] result:
* driver: pdftex
* paper: custom
* layout: <same size as paper>
* layoutoffset:(h,v)=(0.0pt,0.0pt)
* hratio: 1:1
* vratio: 1:1
* modes: 
* h-part:(L,W,R)=(64.75394pt, 468.0pt, 64.75394pt)
* v-part:(T,H,B)=(111.52342pt, 622.0pt, 111.52342pt)
* \paperwidth=597.50787pt
* \paperheight=845.04684pt
* \textwidth=468.0pt
* \textheight=622.0pt
* \oddsidemargin=-7.51605pt
* \evensidemargin=-7.51605pt
* \topmargin=-22.74657pt
* \headheight=50.0pt
* \headsep=12.0pt
* \topskip=10.0pt
* \footskip=18.0pt
* \marginparwidth=65.0pt
* \marginparsep=11.0pt
* \columnsep=24.0pt
* \skip\footins=24.0pt plus 2.0pt minus 12.0pt
* \hoffset=0.0pt
* \voffset=0.0pt
* \mag=1000
* \@twocolumnfalse
* \@twosidefalse
* \@mparswitchfalse
* \@reversemarginfalse
* (1in=72.27pt=25.4mm, 1cm=28.453pt)

\AtBeginShipoutBox=\box35
(/usr/local/texlive/2015/texmf-dist/tex/latex/graphics/color.sty
Package: color 2014/10/28 v1.1a Standard LaTeX Color (DPC)

(/usr/local/texlive/2015/texmf-dist/tex/latex/latexconfig/color.cfg
File: color.cfg 2007/01/18 v1.5 color configuration of teTeX/TeXLive
)
Package color Info: Driver file: pdftex.def on input line 142.
)
Package hyperref Info: Link coloring ON on input line 20.

(/usr/local/texlive/2015/texmf-dist/tex/latex/hyperref/nameref.sty
Package: nameref 2012/10/27 v2.43 Cross-referencing by name of section

(/usr/local/texlive/2015/texmf-dist/tex/generic/oberdiek/gettitlestring.sty
Package: gettitlestring 2010/12/03 v1.4 Cleanup title references (HO)
)
\c@section@level=\count138
)
LaTeX Info: Redefining \ref on input line 20.
LaTeX Info: Redefining \pageref on input line 20.
LaTeX Info: Redefining \nameref on input line 20.

(./main.out) (./main.out)
\@outlinefile=\write4
\openout4 = `main.out'.

LaTeX Font Info:    Try loading font information for U+msa on input line 58.

(/usr/local/texlive/2015/texmf-dist/tex/latex/amsfonts/umsa.fd
File: umsa.fd 2013/01/14 v3.01 AMS symbols A
)
LaTeX Font Info:    Try loading font information for U+msb on input line 58.

(/usr/local/texlive/2015/texmf-dist/tex/latex/amsfonts/umsb.fd
File: umsb.fd 2013/01/14 v3.01 AMS symbols B
) [1

{/usr/local/texlive/2015/texmf-var/fonts/map/pdftex/updmap/pdftex.map}] [2] [3]
 [4] [5]
[6] [7] [8] [9] [10] [11] [12] [13] [14] [15] [16] [17] (./main.bbl
Missing character: There is no â in font cmr8!
Missing character: There is no € in font cmr8!
Missing character: There is no ˜ in font cmr8!
Missing character: There is no â in font cmr8!
Missing character: There is no € in font cmr8!
Missing character: There is no ™ in font cmr8!
 [18]
Missing character: There is no â in font cmr8!
Missing character: There is no € in font cmr8!
Missing character: There is no ™ in font cmr8!

[19] [20]) [21] [22] [23] [24] [25] [26] [27] [28]
Package epstopdf Info: Source file: <IMAGES/TimeFixDriveRMSBSimsBW.eps>
(epstopdf)                    date: 2017-06-29 22:35:16
(epstopdf)                    size: 128924 bytes
(epstopdf)             Output file: <IMAGES/TimeFixDriveRMSBSimsBW-eps-converte
d-to.pdf>
(epstopdf)                    date: 2017-06-29 22:35:20
(epstopdf)                    size: 15328 bytes
(epstopdf)             Command: <repstopdf --outfile=IMAGES/TimeFixDriveRMSBSim
sBW-eps-converted-to.pdf IMAGES/TimeFixDriveRMSBSimsBW.eps>
(epstopdf)             \includegraphics on input line 851.
Package epstopdf Info: Output file is already uptodate.

<IMAGES/TimeFixDriveRMSBSimsBW-eps-converted-to.pdf, id=792, 803.0pt x 521.95pt
>
File: IMAGES/TimeFixDriveRMSBSimsBW-eps-converted-to.pdf Graphic file (type pdf
)
 <use IMAGES/TimeFixDriveRMSBSimsBW-eps-converted-to.pdf>
Package pdftex.def Info: IMAGES/TimeFixDriveRMSBSimsBW-eps-converted-to.pdf use
d on input line 851.
(pdftex.def)             Requested size: 351.0pt x 228.15344pt.
Package epstopdf Info: Source file: <IMAGES/TimeFixDriveRSimsBW.eps>
(epstopdf)                    date: 2017-06-29 22:35:16
(epstopdf)                    size: 123052 bytes
(epstopdf)             Output file: <IMAGES/TimeFixDriveRSimsBW-eps-converted-t
o.pdf>
(epstopdf)                    date: 2017-06-29 22:35:21
(epstopdf)                    size: 13651 bytes
(epstopdf)             Command: <repstopdf --outfile=IMAGES/TimeFixDriveRSimsBW
-eps-converted-to.pdf IMAGES/TimeFixDriveRSimsBW.eps>
(epstopdf)             \includegraphics on input line 852.
Package epstopdf Info: Output file is already uptodate.

<IMAGES/TimeFixDriveRSimsBW-eps-converted-to.pdf, id=793, 578.16pt x 375.4025pt
>
File: IMAGES/TimeFixDriveRSimsBW-eps-converted-to.pdf Graphic file (type pdf)
 <use IMAGES/TimeFixDriveRSimsBW-eps-converted-to.pdf>
Package pdftex.def Info: IMAGES/TimeFixDriveRSimsBW-eps-converted-to.pdf used o
n input line 852.
(pdftex.def)             Requested size: 351.0pt x 227.90683pt.
Package epstopdf Info: Source file: <IMAGES/ProbFixDriveMutSimsBW.eps>
(epstopdf)                    date: 2017-06-29 22:35:16
(epstopdf)                    size: 113520 bytes
(epstopdf)             Output file: <IMAGES/ProbFixDriveMutSimsBW-eps-converted
-to.pdf>
(epstopdf)                    date: 2017-06-29 22:35:21
(epstopdf)                    size: 12103 bytes
(epstopdf)             Command: <repstopdf --outfile=IMAGES/ProbFixDriveMutSims
BW-eps-converted-to.pdf IMAGES/ProbFixDriveMutSimsBW.eps>
(epstopdf)             \includegraphics on input line 867.
Package epstopdf Info: Output file is already uptodate.

<IMAGES/ProbFixDriveMutSimsBW-eps-converted-to.pdf, id=804, 578.16pt x 375.4025
pt>
File: IMAGES/ProbFixDriveMutSimsBW-eps-converted-to.pdf Graphic file (type pdf)

 <use IMAGES/ProbFixDriveMutSimsBW-eps-converted-to.pdf>
Package pdftex.def Info: IMAGES/ProbFixDriveMutSimsBW-eps-converted-to.pdf used
 on input line 867.
(pdftex.def)             Requested size: 351.0pt x 227.90683pt.
Package epstopdf Info: Source file: <IMAGES/ProbFixDriveRSimsBW.eps>
(epstopdf)                    date: 2017-06-29 22:35:16
(epstopdf)                    size: 120840 bytes
(epstopdf)             Output file: <IMAGES/ProbFixDriveRSimsBW-eps-converted-t
o.pdf>
(epstopdf)                    date: 2017-06-29 22:35:22
(epstopdf)                    size: 12202 bytes
(epstopdf)             Command: <repstopdf --outfile=IMAGES/ProbFixDriveRSimsBW
-eps-converted-to.pdf IMAGES/ProbFixDriveRSimsBW.eps>
(epstopdf)             \includegraphics on input line 868.
Package epstopdf Info: Output file is already uptodate.

<IMAGES/ProbFixDriveRSimsBW-eps-converted-to.pdf, id=805, 803.0pt x 521.95pt>
File: IMAGES/ProbFixDriveRSimsBW-eps-converted-to.pdf Graphic file (type pdf)

<use IMAGES/ProbFixDriveRSimsBW-eps-converted-to.pdf>
Package pdftex.def Info: IMAGES/ProbFixDriveRSimsBW-eps-converted-to.pdf used o
n input line 868.
(pdftex.def)             Requested size: 351.0pt x 228.15344pt.
Package epstopdf Info: Source file: <IMAGES/TimeFixUniLogNuSimsBW.eps>
(epstopdf)                    date: 2017-06-29 22:35:16
(epstopdf)                    size: 126818 bytes
(epstopdf)             Output file: <IMAGES/TimeFixUniLogNuSimsBW-eps-converted
-to.pdf>
(epstopdf)                    date: 2017-06-29 22:35:22
(epstopdf)                    size: 11738 bytes
(epstopdf)             Command: <repstopdf --outfile=IMAGES/TimeFixUniLogNuSims
BW-eps-converted-to.pdf IMAGES/TimeFixUniLogNuSimsBW.eps>
(epstopdf)             \includegraphics on input line 879.
Package epstopdf Info: Output file is already uptodate.

<IMAGES/TimeFixUniLogNuSimsBW-eps-converted-to.pdf, id=814, 803.0pt x 521.95pt>
File: IMAGES/TimeFixUniLogNuSimsBW-eps-converted-to.pdf Graphic file (type pdf)

<use IMAGES/TimeFixUniLogNuSimsBW-eps-converted-to.pdf>
Package pdftex.def Info: IMAGES/TimeFixUniLogNuSimsBW-eps-converted-to.pdf used
 on input line 879.
(pdftex.def)             Requested size: 351.0pt x 228.15344pt.
Package epstopdf Info: Source file: <IMAGES/TimeFixUniLogU2SimsBW.eps>
(epstopdf)                    date: 2017-06-29 22:35:16
(epstopdf)                    size: 183493 bytes
(epstopdf)             Output file: <IMAGES/TimeFixUniLogU2SimsBW-eps-converted
-to.pdf>
(epstopdf)                    date: 2017-06-29 22:35:23
(epstopdf)                    size: 17472 bytes
(epstopdf)             Command: <repstopdf --outfile=IMAGES/TimeFixUniLogU2Sims
BW-eps-converted-to.pdf IMAGES/TimeFixUniLogU2SimsBW.eps>
(epstopdf)             \includegraphics on input line 880.
Package epstopdf Info: Output file is already uptodate.

<IMAGES/TimeFixUniLogU2SimsBW-eps-converted-to.pdf, id=815, 578.16pt x 375.4025
pt>
File: IMAGES/TimeFixUniLogU2SimsBW-eps-converted-to.pdf Graphic file (type pdf)

 <use IMAGES/TimeFixUniLogU2SimsBW-eps-converted-to.pdf>
Package pdftex.def Info: IMAGES/TimeFixUniLogU2SimsBW-eps-converted-to.pdf used
 on input line 880.
(pdftex.def)             Requested size: 351.0pt x 227.90683pt.
Package epstopdf Info: Source file: <IMAGES/ProbFixUniS2Sims.eps>
(epstopdf)                    date: 2017-06-29 22:35:37
(epstopdf)                    size: 104896 bytes
(epstopdf)             Output file: <IMAGES/ProbFixUniS2Sims-eps-converted-to.p
df>
(epstopdf)                    date: 2017-06-29 22:35:45
(epstopdf)                    size: 12589 bytes
(epstopdf)             Command: <repstopdf --outfile=IMAGES/ProbFixUniS2Sims-ep
s-converted-to.pdf IMAGES/ProbFixUniS2Sims.eps>
(epstopdf)             \includegraphics on input line 895.
Package epstopdf Info: Output file is already uptodate.

<IMAGES/ProbFixUniS2Sims-eps-converted-to.pdf, id=828, 578.16pt x 375.4025pt>
File: IMAGES/ProbFixUniS2Sims-eps-converted-to.pdf Graphic file (type pdf)

<use IMAGES/ProbFixUniS2Sims-eps-converted-to.pdf>
Package pdftex.def Info: IMAGES/ProbFixUniS2Sims-eps-converted-to.pdf used on i
nput line 895.
(pdftex.def)             Requested size: 468.0pt x 303.87387pt.
Package epstopdf Info: Source file: <IMAGES/TimeFixCultLogPSimsBW.eps>
(epstopdf)                    date: 2017-06-29 22:35:16
(epstopdf)                    size: 43878 bytes
(epstopdf)             Output file: <IMAGES/TimeFixCultLogPSimsBW-eps-converted
-to.pdf>
(epstopdf)                    date: 2017-06-29 22:35:45
(epstopdf)                    size: 11306 bytes
(epstopdf)             Command: <repstopdf --outfile=IMAGES/TimeFixCultLogPSims
BW-eps-converted-to.pdf IMAGES/TimeFixCultLogPSimsBW.eps>
(epstopdf)             \includegraphics on input line 908.
Package epstopdf Info: Output file is already uptodate.

<IMAGES/TimeFixCultLogPSimsBW-eps-converted-to.pdf, id=835, 578.16pt x 375.4025
pt>
File: IMAGES/TimeFixCultLogPSimsBW-eps-converted-to.pdf Graphic file (type pdf)

 <use IMAGES/TimeFixCultLogPSimsBW-eps-converted-to.pdf>
Package pdftex.def Info: IMAGES/TimeFixCultLogPSimsBW-eps-converted-to.pdf used
 on input line 908.
(pdftex.def)             Requested size: 468.0pt x 303.87387pt.
Package epstopdf Info: Source file: <IMAGES/ProbFixCultPSims.eps>
(epstopdf)                    date: 2017-06-29 22:35:56
(epstopdf)                    size: 163975 bytes
(epstopdf)             Output file: <IMAGES/ProbFixCultPSims-eps-converted-to.p
df>
(epstopdf)                    date: 2017-06-29 22:36:03
(epstopdf)                    size: 13364 bytes
(epstopdf)             Command: <repstopdf --outfile=IMAGES/ProbFixCultPSims-ep
s-converted-to.pdf IMAGES/ProbFixCultPSims.eps>
(epstopdf)             \includegraphics on input line 922.
Package epstopdf Info: Output file is already uptodate.

<IMAGES/ProbFixCultPSims-eps-converted-to.pdf, id=842, 578.16pt x 375.4025pt>
File: IMAGES/ProbFixCultPSims-eps-converted-to.pdf Graphic file (type pdf)

<use IMAGES/ProbFixCultPSims-eps-converted-to.pdf>
Package pdftex.def Info: IMAGES/ProbFixCultPSims-eps-converted-to.pdf used on i
nput line 922.
(pdftex.def)             Requested size: 468.0pt x 303.87387pt.
Package epstopdf Info: Source file: <IMAGES/DetApproxsDeltaBW.eps>
(epstopdf)                    date: 2017-06-29 22:35:16
(epstopdf)                    size: 3962 bytes
(epstopdf)             Output file: <IMAGES/DetApproxsDeltaBW-eps-converted-to.
pdf>
(epstopdf)                    date: 2017-06-29 22:36:03
(epstopdf)                    size: 4463 bytes
(epstopdf)             Command: <repstopdf --outfile=IMAGES/DetApproxsDeltaBW-e
ps-converted-to.pdf IMAGES/DetApproxsDeltaBW.eps>
(epstopdf)             \includegraphics on input line 938.
Package epstopdf Info: Output file is already uptodate.

<IMAGES/DetApproxsDeltaBW-eps-converted-to.pdf, id=851, 45.16875pt x 12.045pt>
File: IMAGES/DetApproxsDeltaBW-eps-converted-to.pdf Graphic file (type pdf)

<use IMAGES/DetApproxsDeltaBW-eps-converted-to.pdf>
Package pdftex.def Info: IMAGES/DetApproxsDeltaBW-eps-converted-to.pdf used on 
input line 938.
(pdftex.def)             Requested size: 421.19714pt x 112.34982pt.

Overfull \hbox (14.99284pt too wide) in paragraph at lines 1101--1140
 [][] 
 []

Package atveryend Info: Empty hook `BeforeClearDocument' on input line 1143.
[29] [30 <./IMAGES/TimeFixDriveRMSBSimsBW-eps-converted-to.pdf> <./IMAGES/TimeF
ixDriveRSimsBW-eps-converted-to.pdf>] [31 <./IMAGES/ProbFixDriveMutSimsBW-eps-c
onverted-to.pdf> <./IMAGES/ProbFixDriveRSimsBW-eps-converted-to.pdf>] [32 <./IM
AGES/TimeFixUniLogNuSimsBW-eps-converted-to.pdf> <./IMAGES/TimeFixUniLogU2SimsB
W-eps-converted-to.pdf>] [33 <./IMAGES/ProbFixUniS2Sims-eps-converted-to.pdf>]
[34 <./IMAGES/TimeFixCultLogPSimsBW-eps-converted-to.pdf>] [35pdfTeX warning (e
xt4): destination with the same identifier (name{figure.1}) has been already us
ed, duplicate ignored

\AtBegShi@Output ...ipout \box \AtBeginShipoutBox 
                                                  \fi \fi 
l.1143 \end{document}
                      <./IMAGES/ProbFixCultPSims-eps-converted-to.pdf> <./IMAGE
S/DetApproxsDeltaBW-eps-converted-to.pdf>] [36] [37] [38] [39]
Package atveryend Info: Empty hook `AfterLastShipout' on input line 1143.
 (./main.aux)
Package atveryend Info: Executing hook `AtVeryEndDocument' on input line 1143.
Package atveryend Info: Executing hook `AtEndAfterFileList' on input line 1143.

Package rerunfilecheck Info: File `main.out' has not changed.
(rerunfilecheck)             Checksum: 179C2A49926D8BAD300123F61A5F82C9;1411.
Package atveryend Info: Empty hook `AtVeryVeryEnd' on input line 1143.
 ) 
Here is how much of TeX's memory you used:
 8374 strings out of 493089
 120893 string characters out of 6134842
 289858 words of memory out of 5000000
 11524 multiletter control sequences out of 15000+600000
 12490 words of font info for 47 fonts, out of 8000000 for 9000
 1141 hyphenation exceptions out of 8191
 34i,13n,34p,1404b,592s stack positions out of 5000i,500n,10000p,200000b,80000s
</usr/local/texlive/2015/texmf-dist/fonts/type1/public/amsfonts/cm/cmbx10.pfb
></usr/local/texlive/2015/texmf-dist/fonts/type1/public/amsfonts/cm/cmbx8.pfb><
/usr/local/texlive/2015/texmf-dist/fonts/type1/public/amsfonts/cm/cmex10.pfb></
usr/local/texlive/2015/texmf-dist/fonts/type1/public/amsfonts/cm/cmmi10.pfb></u
sr/local/texlive/2015/texmf-dist/fonts/type1/public/amsfonts/cm/cmmi5.pfb></usr
/local/texlive/2015/texmf-dist/fonts/type1/public/amsfonts/cm/cmmi6.pfb></usr/l
ocal/texlive/2015/texmf-dist/fonts/type1/public/amsfonts/cm/cmmi7.pfb></usr/loc
al/texlive/2015/texmf-dist/fonts/type1/public/amsfonts/cm/cmmi8.pfb></usr/local
/texlive/2015/texmf-dist/fonts/type1/public/amsfonts/cm/cmr10.pfb></usr/local/t
exlive/2015/texmf-dist/fonts/type1/public/amsfonts/cm/cmr12.pfb></usr/local/tex
live/2015/texmf-dist/fonts/type1/public/amsfonts/cm/cmr5.pfb></usr/local/texliv
e/2015/texmf-dist/fonts/type1/public/amsfonts/cm/cmr6.pfb></usr/local/texlive/2
015/texmf-dist/fonts/type1/public/amsfonts/cm/cmr7.pfb></usr/local/texlive/2015
/texmf-dist/fonts/type1/public/amsfonts/cm/cmr8.pfb></usr/local/texlive/2015/te
xmf-dist/fonts/type1/public/amsfonts/cm/cmss8.pfb></usr/local/texlive/2015/texm
f-dist/fonts/type1/public/amsfonts/cm/cmsy10.pfb></usr/local/texlive/2015/texmf
-dist/fonts/type1/public/amsfonts/cm/cmsy5.pfb></usr/local/texlive/2015/texmf-d
ist/fonts/type1/public/amsfonts/cm/cmsy6.pfb></usr/local/texlive/2015/texmf-dis
t/fonts/type1/public/amsfonts/cm/cmsy7.pfb></usr/local/texlive/2015/texmf-dist/
fonts/type1/public/amsfonts/cm/cmsy8.pfb></usr/local/texlive/2015/texmf-dist/fo
nts/type1/public/amsfonts/cm/cmti10.pfb></usr/local/texlive/2015/texmf-dist/fon
ts/type1/public/amsfonts/cm/cmti7.pfb></usr/local/texlive/2015/texmf-dist/fonts
/type1/public/amsfonts/cm/cmti8.pfb></usr/local/texlive/2015/texmf-dist/fonts/t
ype1/public/amsfonts/cm/cmtt8.pfb></usr/local/texlive/2015/texmf-dist/fonts/typ
e1/public/amsfonts/symbols/msbm10.pfb>
Output written on main.pdf (39 pages, 517902 bytes).
PDF statistics:
 1148 PDF objects out of 1200 (max. 8388607)
 1002 compressed objects within 11 object streams
 192 named destinations out of 1000 (max. 500000)
 211 words of extra memory for PDF output out of 10000 (max. 10000000)

